-------------------------------------------------------------------------------
Test set: eshop1.EshopApplicationTests
-------------------------------------------------------------------------------
Tests run: 1, Failures: 0, Errors: 1, Skipped: 0, Time elapsed: 1.123 s <<< FAILURE! - in eshop1.EshopApplicationTests
contextLoads  Time elapsed: 0.004 s  <<< ERROR!
java.lang.IllegalStateException: Failed to load ApplicationContext
Caused by: org.springframework.beans.factory.UnsatisfiedDependencyException: Error creating bean with name 'initialDataLoader' defined in file [C:\Users\polji\Downloads\E-commerce-project-springBoot-master2\E-commerce-project-springBoot-master2\Eshop\eshop - BACKUP  BACKUP\target\classes\com\ecommerce\admin\InitialDataLoader.class]: Unsatisfied dependency expressed through constructor parameter 0; nested exception is org.springframework.beans.factory.UnsatisfiedDependencyException: Error creating bean with name 'userServiceImpl' defined in file [C:\Users\polji\Downloads\E-commerce-project-springBoot-master2\E-commerce-project-springBoot-master2\Eshop\eshop - BACKUP  BACKUP\target\classes\com\ecommerce\admin\service\UserServiceImpl.class]: Unsatisfied dependency expressed through constructor parameter 0; nested exception is org.springframework.beans.factory.NoSuchBeanDefinitionException: No qualifying bean of type 'com.ecommerce.admin.repository.UserRepository' available: expected at least 1 bean which qualifies as autowire candidate. Dependency annotations: {}
Caused by: org.springframework.beans.factory.UnsatisfiedDependencyException: Error creating bean with name 'userServiceImpl' defined in file [C:\Users\polji\Downloads\E-commerce-project-springBoot-master2\E-commerce-project-springBoot-master2\Eshop\eshop - BACKUP  BACKUP\target\classes\com\ecommerce\admin\service\UserServiceImpl.class]: Unsatisfied dependency expressed through constructor parameter 0; nested exception is org.springframework.beans.factory.NoSuchBeanDefinitionException: No qualifying bean of type 'com.ecommerce.admin.repository.UserRepository' available: expected at least 1 bean which qualifies as autowire candidate. Dependency annotations: {}
Caused by: org.springframework.beans.factory.NoSuchBeanDefinitionException: No qualifying bean of type 'com.ecommerce.admin.repository.UserRepository' available: expected at least 1 bean which qualifies as autowire candidate. Dependency annotations: {}

